{"/Users/petemarianne/WebstormProjects/DogShop/src/App.tsx": {"path":"/Users/petemarianne/WebstormProjects/DogShop/src/App.tsx","statementMap":{"0":{"start":{"line":8,"column":22},"end":{"line":24,"column":1}},"1":{"start":{"line":9,"column":4},"end":{"line":23,"column":6}},"2":{"start":{"line":18,"column":54},"end":{"line":18,"column":65}}},"fnMap":{"0":{"name":"(anonymous_0)","decl":{"start":{"line":8,"column":22},"end":{"line":8,"column":23}},"loc":{"start":{"line":8,"column":40},"end":{"line":24,"column":1}},"line":8},"1":{"name":"(anonymous_1)","decl":{"start":{"line":18,"column":48},"end":{"line":18,"column":49}},"loc":{"start":{"line":18,"column":54},"end":{"line":18,"column":65}},"line":18}},"branchMap":{},"s":{"0":0,"1":0,"2":0},"f":{"0":0,"1":0},"b":{}}
,"/Users/petemarianne/WebstormProjects/DogShop/src/firebase.ts": {"path":"/Users/petemarianne/WebstormProjects/DogShop/src/firebase.ts","statementMap":{"0":{"start":{"line":4,"column":37},"end":{"line":12,"column":2}},"1":{"start":{"line":14,"column":48},"end":{"line":14,"column":63}}},"fnMap":{},"branchMap":{},"s":{"0":0,"1":0},"f":{},"b":{}}
,"/Users/petemarianne/WebstormProjects/DogShop/src/index.tsx": {"path":"/Users/petemarianne/WebstormProjects/DogShop/src/index.tsx","statementMap":{"0":{"start":{"line":6,"column":31},"end":{"line":10,"column":1}},"1":{"start":{"line":7,"column":4},"end":{"line":9,"column":6}},"2":{"start":{"line":12,"column":0},"end":{"line":15,"column":2}}},"fnMap":{"0":{"name":"(anonymous_0)","decl":{"start":{"line":6,"column":31},"end":{"line":6,"column":32}},"loc":{"start":{"line":6,"column":50},"end":{"line":10,"column":1}},"line":6}},"branchMap":{},"s":{"0":0,"1":0,"2":0},"f":{"0":0},"b":{}}
,"/Users/petemarianne/WebstormProjects/DogShop/src/components/AdFormModal/AdFormModal.tsx": {"path":"/Users/petemarianne/WebstormProjects/DogShop/src/components/AdFormModal/AdFormModal.tsx","statementMap":{"0":{"start":{"line":15,"column":48},"end":{"line":215,"column":1}},"1":{"start":{"line":16,"column":34},"end":{"line":16,"column":58}},"2":{"start":{"line":17,"column":34},"end":{"line":17,"column":52}},"3":{"start":{"line":18,"column":28},"end":{"line":29,"column":6}},"4":{"start":{"line":30,"column":36},"end":{"line":30,"column":59}},"5":{"start":{"line":31,"column":28},"end":{"line":31,"column":44}},"6":{"start":{"line":32,"column":28},"end":{"line":32,"column":52}},"7":{"start":{"line":33,"column":36},"end":{"line":33,"column":60}},"8":{"start":{"line":34,"column":32},"end":{"line":42,"column":5}},"9":{"start":{"line":44,"column":4},"end":{"line":51,"column":11}},"10":{"start":{"line":45,"column":8},"end":{"line":47,"column":11}},"11":{"start":{"line":46,"column":12},"end":{"line":46,"column":33}},"12":{"start":{"line":48,"column":8},"end":{"line":50,"column":11}},"13":{"start":{"line":49,"column":12},"end":{"line":49,"column":30}},"14":{"start":{"line":53,"column":28},"end":{"line":56,"column":5}},"15":{"start":{"line":54,"column":8},"end":{"line":54,"column":31}},"16":{"start":{"line":55,"column":8},"end":{"line":55,"column":22}},"17":{"start":{"line":58,"column":28},"end":{"line":61,"column":5}},"18":{"start":{"line":59,"column":8},"end":{"line":59,"column":31}},"19":{"start":{"line":60,"column":8},"end":{"line":60,"column":23}},"20":{"start":{"line":63,"column":26},"end":{"line":69,"column":5}},"21":{"start":{"line":64,"column":8},"end":{"line":64,"column":31}},"22":{"start":{"line":65,"column":27},"end":{"line":65,"column":54}},"23":{"start":{"line":66,"column":8},"end":{"line":66,"column":22}},"24":{"start":{"line":67,"column":8},"end":{"line":67,"column":23}},"25":{"start":{"line":68,"column":8},"end":{"line":68,"column":26}},"26":{"start":{"line":71,"column":25},"end":{"line":78,"column":5}},"27":{"start":{"line":72,"column":34},"end":{"line":72,"column":83}},"28":{"start":{"line":73,"column":8},"end":{"line":77,"column":9}},"29":{"start":{"line":74,"column":12},"end":{"line":74,"column":26}},"30":{"start":{"line":75,"column":12},"end":{"line":75,"column":27}},"31":{"start":{"line":76,"column":12},"end":{"line":76,"column":30}},"32":{"start":{"line":80,"column":20},"end":{"line":101,"column":5}},"33":{"start":{"line":81,"column":55},"end":{"line":81,"column":74}},"34":{"start":{"line":82,"column":8},"end":{"line":94,"column":9}},"35":{"start":{"line":83,"column":56},"end":{"line":83,"column":83}},"36":{"start":{"line":84,"column":12},"end":{"line":84,"column":36}},"37":{"start":{"line":85,"column":36},"end":{"line":85,"column":66}},"38":{"start":{"line":86,"column":12},"end":{"line":93,"column":15}},"39":{"start":{"line":95,"column":8},"end":{"line":99,"column":11}},"40":{"start":{"line":100,"column":8},"end":{"line":100,"column":28}},"41":{"start":{"line":103,"column":24},"end":{"line":105,"column":5}},"42":{"start":{"line":104,"column":8},"end":{"line":104,"column":72}},"43":{"start":{"line":104,"column":30},"end":{"line":104,"column":69}},"44":{"start":{"line":107,"column":26},"end":{"line":109,"column":5}},"45":{"start":{"line":108,"column":8},"end":{"line":108,"column":74}},"46":{"start":{"line":108,"column":30},"end":{"line":108,"column":71}},"47":{"start":{"line":111,"column":23},"end":{"line":113,"column":5}},"48":{"start":{"line":112,"column":8},"end":{"line":112,"column":71}},"49":{"start":{"line":112,"column":30},"end":{"line":112,"column":68}},"50":{"start":{"line":115,"column":30},"end":{"line":117,"column":5}},"51":{"start":{"line":116,"column":8},"end":{"line":116,"column":78}},"52":{"start":{"line":116,"column":30},"end":{"line":116,"column":75}},"53":{"start":{"line":119,"column":24},"end":{"line":121,"column":5}},"54":{"start":{"line":120,"column":8},"end":{"line":120,"column":72}},"55":{"start":{"line":120,"column":30},"end":{"line":120,"column":69}},"56":{"start":{"line":124,"column":8},"end":{"line":131,"column":11}},"57":{"start":{"line":134,"column":8},"end":{"line":141,"column":11}},"58":{"start":{"line":143,"column":33},"end":{"line":143,"column":59}},"59":{"start":{"line":145,"column":4},"end":{"line":214,"column":6}},"60":{"start":{"line":154,"column":16},"end":{"line":154,"column":39}},"61":{"start":{"line":155,"column":16},"end":{"line":160,"column":17}},"62":{"start":{"line":156,"column":20},"end":{"line":156,"column":37}},"63":{"start":{"line":157,"column":20},"end":{"line":157,"column":62}},"64":{"start":{"line":157,"column":42},"end":{"line":157,"column":59}},"65":{"start":{"line":159,"column":20},"end":{"line":159,"column":38}}},"fnMap":{"0":{"name":"(anonymous_0)","decl":{"start":{"line":15,"column":48},"end":{"line":15,"column":49}},"loc":{"start":{"line":15,"column":72},"end":{"line":215,"column":1}},"line":15},"1":{"name":"(anonymous_1)","decl":{"start":{"line":44,"column":14},"end":{"line":44,"column":15}},"loc":{"start":{"line":44,"column":20},"end":{"line":51,"column":5}},"line":44},"2":{"name":"(anonymous_2)","decl":{"start":{"line":45,"column":24},"end":{"line":45,"column":25}},"loc":{"start":{"line":45,"column":38},"end":{"line":47,"column":9}},"line":45},"3":{"name":"(anonymous_3)","decl":{"start":{"line":48,"column":26},"end":{"line":48,"column":27}},"loc":{"start":{"line":48,"column":40},"end":{"line":50,"column":9}},"line":48},"4":{"name":"(anonymous_4)","decl":{"start":{"line":53,"column":28},"end":{"line":53,"column":29}},"loc":{"start":{"line":53,"column":78},"end":{"line":56,"column":5}},"line":53},"5":{"name":"(anonymous_5)","decl":{"start":{"line":58,"column":28},"end":{"line":58,"column":29}},"loc":{"start":{"line":58,"column":78},"end":{"line":61,"column":5}},"line":58},"6":{"name":"(anonymous_6)","decl":{"start":{"line":63,"column":26},"end":{"line":63,"column":27}},"loc":{"start":{"line":63,"column":76},"end":{"line":69,"column":5}},"line":63},"7":{"name":"(anonymous_7)","decl":{"start":{"line":71,"column":25},"end":{"line":71,"column":26}},"loc":{"start":{"line":71,"column":94},"end":{"line":78,"column":5}},"line":71},"8":{"name":"(anonymous_8)","decl":{"start":{"line":80,"column":20},"end":{"line":80,"column":21}},"loc":{"start":{"line":80,"column":47},"end":{"line":101,"column":5}},"line":80},"9":{"name":"(anonymous_9)","decl":{"start":{"line":103,"column":24},"end":{"line":103,"column":25}},"loc":{"start":{"line":103,"column":78},"end":{"line":105,"column":5}},"line":103},"10":{"name":"(anonymous_10)","decl":{"start":{"line":104,"column":18},"end":{"line":104,"column":19}},"loc":{"start":{"line":104,"column":30},"end":{"line":104,"column":69}},"line":104},"11":{"name":"(anonymous_11)","decl":{"start":{"line":107,"column":26},"end":{"line":107,"column":27}},"loc":{"start":{"line":107,"column":80},"end":{"line":109,"column":5}},"line":107},"12":{"name":"(anonymous_12)","decl":{"start":{"line":108,"column":18},"end":{"line":108,"column":19}},"loc":{"start":{"line":108,"column":30},"end":{"line":108,"column":71}},"line":108},"13":{"name":"(anonymous_13)","decl":{"start":{"line":111,"column":23},"end":{"line":111,"column":24}},"loc":{"start":{"line":111,"column":77},"end":{"line":113,"column":5}},"line":111},"14":{"name":"(anonymous_14)","decl":{"start":{"line":112,"column":18},"end":{"line":112,"column":19}},"loc":{"start":{"line":112,"column":30},"end":{"line":112,"column":68}},"line":112},"15":{"name":"(anonymous_15)","decl":{"start":{"line":115,"column":30},"end":{"line":115,"column":31}},"loc":{"start":{"line":115,"column":84},"end":{"line":117,"column":5}},"line":115},"16":{"name":"(anonymous_16)","decl":{"start":{"line":116,"column":18},"end":{"line":116,"column":19}},"loc":{"start":{"line":116,"column":30},"end":{"line":116,"column":75}},"line":116},"17":{"name":"(anonymous_17)","decl":{"start":{"line":119,"column":24},"end":{"line":119,"column":25}},"loc":{"start":{"line":119,"column":78},"end":{"line":121,"column":5}},"line":119},"18":{"name":"(anonymous_18)","decl":{"start":{"line":120,"column":18},"end":{"line":120,"column":19}},"loc":{"start":{"line":120,"column":30},"end":{"line":120,"column":69}},"line":120},"19":{"name":"(anonymous_19)","decl":{"start":{"line":153,"column":28},"end":{"line":153,"column":29}},"loc":{"start":{"line":153,"column":39},"end":{"line":161,"column":13}},"line":153},"20":{"name":"(anonymous_20)","decl":{"start":{"line":157,"column":35},"end":{"line":157,"column":36}},"loc":{"start":{"line":157,"column":41},"end":{"line":157,"column":60}},"line":157}},"branchMap":{"0":{"loc":{"start":{"line":72,"column":34},"end":{"line":72,"column":83}},"type":"cond-expr","locations":[{"start":{"line":72,"column":55},"end":{"line":72,"column":76}},{"start":{"line":72,"column":79},"end":{"line":72,"column":83}}],"line":72},"1":{"loc":{"start":{"line":73,"column":8},"end":{"line":77,"column":9}},"type":"if","locations":[{"start":{"line":73,"column":8},"end":{"line":77,"column":9}},{"start":{"line":73,"column":8},"end":{"line":77,"column":9}}],"line":73},"2":{"loc":{"start":{"line":82,"column":8},"end":{"line":94,"column":9}},"type":"if","locations":[{"start":{"line":82,"column":8},"end":{"line":94,"column":9}},{"start":{"line":82,"column":8},"end":{"line":94,"column":9}}],"line":82},"3":{"loc":{"start":{"line":155,"column":16},"end":{"line":160,"column":17}},"type":"if","locations":[{"start":{"line":155,"column":16},"end":{"line":160,"column":17}},{"start":{"line":155,"column":16},"end":{"line":160,"column":17}}],"line":155},"4":{"loc":{"start":{"line":190,"column":25},"end":{"line":190,"column":131}},"type":"cond-expr","locations":[{"start":{"line":190,"column":36},"end":{"line":190,"column":40}},{"start":{"line":190,"column":43},"end":{"line":190,"column":131}}],"line":190},"5":{"loc":{"start":{"line":198,"column":29},"end":{"line":198,"column":121}},"type":"cond-expr","locations":[{"start":{"line":198,"column":40},"end":{"line":198,"column":49}},{"start":{"line":198,"column":52},"end":{"line":198,"column":121}}],"line":198},"6":{"loc":{"start":{"line":204,"column":33},"end":{"line":204,"column":65}},"type":"cond-expr","locations":[{"start":{"line":204,"column":40},"end":{"line":204,"column":53}},{"start":{"line":204,"column":56},"end":{"line":204,"column":65}}],"line":204},"7":{"loc":{"start":{"line":206,"column":32},"end":{"line":206,"column":70}},"type":"cond-expr","locations":[{"start":{"line":206,"column":39},"end":{"line":206,"column":58}},{"start":{"line":206,"column":61},"end":{"line":206,"column":70}}],"line":206},"8":{"loc":{"start":{"line":209,"column":25},"end":{"line":209,"column":75}},"type":"cond-expr","locations":[{"start":{"line":209,"column":33},"end":{"line":209,"column":40}},{"start":{"line":209,"column":43},"end":{"line":209,"column":75}}],"line":209},"9":{"loc":{"start":{"line":209,"column":43},"end":{"line":209,"column":75}},"type":"cond-expr","locations":[{"start":{"line":209,"column":54},"end":{"line":209,"column":65}},{"start":{"line":209,"column":68},"end":{"line":209,"column":75}}],"line":209}},"s":{"0":0,"1":0,"2":0,"3":0,"4":0,"5":0,"6":0,"7":0,"8":0,"9":0,"10":0,"11":0,"12":0,"13":0,"14":0,"15":0,"16":0,"17":0,"18":0,"19":0,"20":0,"21":0,"22":0,"23":0,"24":0,"25":0,"26":0,"27":0,"28":0,"29":0,"30":0,"31":0,"32":0,"33":0,"34":0,"35":0,"36":0,"37":0,"38":0,"39":0,"40":0,"41":0,"42":0,"43":0,"44":0,"45":0,"46":0,"47":0,"48":0,"49":0,"50":0,"51":0,"52":0,"53":0,"54":0,"55":0,"56":0,"57":0,"58":0,"59":0,"60":0,"61":0,"62":0,"63":0,"64":0,"65":0},"f":{"0":0,"1":0,"2":0,"3":0,"4":0,"5":0,"6":0,"7":0,"8":0,"9":0,"10":0,"11":0,"12":0,"13":0,"14":0,"15":0,"16":0,"17":0,"18":0,"19":0,"20":0},"b":{"0":[0,0],"1":[0,0],"2":[0,0],"3":[0,0],"4":[0,0],"5":[0,0],"6":[0,0],"7":[0,0],"8":[0,0],"9":[0,0]}}
,"/Users/petemarianne/WebstormProjects/DogShop/src/components/Filter/Filter.tsx": {"path":"/Users/petemarianne/WebstormProjects/DogShop/src/components/Filter/Filter.tsx","statementMap":{"0":{"start":{"line":14,"column":38},"end":{"line":151,"column":1}},"1":{"start":{"line":15,"column":37},"end":{"line":15,"column":62}},"2":{"start":{"line":17,"column":42},"end":{"line":17,"column":75}},"3":{"start":{"line":19,"column":26},"end":{"line":21,"column":5}},"4":{"start":{"line":20,"column":8},"end":{"line":20,"column":91}},"5":{"start":{"line":20,"column":41},"end":{"line":20,"column":88}},"6":{"start":{"line":23,"column":23},"end":{"line":25,"column":5}},"7":{"start":{"line":24,"column":8},"end":{"line":24,"column":88}},"8":{"start":{"line":24,"column":41},"end":{"line":24,"column":85}},"9":{"start":{"line":27,"column":28},"end":{"line":29,"column":5}},"10":{"start":{"line":28,"column":8},"end":{"line":28,"column":93}},"11":{"start":{"line":28,"column":41},"end":{"line":28,"column":90}},"12":{"start":{"line":31,"column":26},"end":{"line":33,"column":5}},"13":{"start":{"line":32,"column":8},"end":{"line":32,"column":91}},"14":{"start":{"line":32,"column":41},"end":{"line":32,"column":88}},"15":{"start":{"line":35,"column":25},"end":{"line":37,"column":5}},"16":{"start":{"line":36,"column":8},"end":{"line":36,"column":88}},"17":{"start":{"line":36,"column":41},"end":{"line":36,"column":85}},"18":{"start":{"line":39,"column":22},"end":{"line":41,"column":5}},"19":{"start":{"line":40,"column":8},"end":{"line":40,"column":62}},"20":{"start":{"line":43,"column":24},"end":{"line":47,"column":5}},"21":{"start":{"line":44,"column":8},"end":{"line":46,"column":9}},"22":{"start":{"line":45,"column":12},"end":{"line":45,"column":24}},"23":{"start":{"line":49,"column":24},"end":{"line":52,"column":5}},"24":{"start":{"line":50,"column":8},"end":{"line":50,"column":62}},"25":{"start":{"line":51,"column":8},"end":{"line":51,"column":62}},"26":{"start":{"line":54,"column":4},"end":{"line":150,"column":5}},"27":{"start":{"line":136,"column":20},"end":{"line":136,"column":34}},"28":{"start":{"line":137,"column":20},"end":{"line":137,"column":49}},"29":{"start":{"line":142,"column":106},"end":{"line":142,"column":118}},"30":{"start":{"line":146,"column":106},"end":{"line":146,"column":118}},"31":{"start":{"line":146,"column":119},"end":{"line":146,"column":148}}},"fnMap":{"0":{"name":"(anonymous_0)","decl":{"start":{"line":14,"column":38},"end":{"line":14,"column":39}},"loc":{"start":{"line":14,"column":62},"end":{"line":151,"column":1}},"line":14},"1":{"name":"(anonymous_1)","decl":{"start":{"line":19,"column":26},"end":{"line":19,"column":27}},"loc":{"start":{"line":19,"column":80},"end":{"line":21,"column":5}},"line":19},"2":{"name":"(anonymous_2)","decl":{"start":{"line":20,"column":23},"end":{"line":20,"column":24}},"loc":{"start":{"line":20,"column":41},"end":{"line":20,"column":88}},"line":20},"3":{"name":"(anonymous_3)","decl":{"start":{"line":23,"column":23},"end":{"line":23,"column":24}},"loc":{"start":{"line":23,"column":77},"end":{"line":25,"column":5}},"line":23},"4":{"name":"(anonymous_4)","decl":{"start":{"line":24,"column":23},"end":{"line":24,"column":24}},"loc":{"start":{"line":24,"column":41},"end":{"line":24,"column":85}},"line":24},"5":{"name":"(anonymous_5)","decl":{"start":{"line":27,"column":28},"end":{"line":27,"column":29}},"loc":{"start":{"line":27,"column":82},"end":{"line":29,"column":5}},"line":27},"6":{"name":"(anonymous_6)","decl":{"start":{"line":28,"column":23},"end":{"line":28,"column":24}},"loc":{"start":{"line":28,"column":41},"end":{"line":28,"column":90}},"line":28},"7":{"name":"(anonymous_7)","decl":{"start":{"line":31,"column":26},"end":{"line":31,"column":27}},"loc":{"start":{"line":31,"column":80},"end":{"line":33,"column":5}},"line":31},"8":{"name":"(anonymous_8)","decl":{"start":{"line":32,"column":23},"end":{"line":32,"column":24}},"loc":{"start":{"line":32,"column":41},"end":{"line":32,"column":88}},"line":32},"9":{"name":"(anonymous_9)","decl":{"start":{"line":35,"column":25},"end":{"line":35,"column":26}},"loc":{"start":{"line":35,"column":80},"end":{"line":37,"column":5}},"line":35},"10":{"name":"(anonymous_10)","decl":{"start":{"line":36,"column":23},"end":{"line":36,"column":24}},"loc":{"start":{"line":36,"column":41},"end":{"line":36,"column":85}},"line":36},"11":{"name":"(anonymous_11)","decl":{"start":{"line":39,"column":22},"end":{"line":39,"column":23}},"loc":{"start":{"line":39,"column":34},"end":{"line":41,"column":5}},"line":39},"12":{"name":"(anonymous_12)","decl":{"start":{"line":43,"column":24},"end":{"line":43,"column":25}},"loc":{"start":{"line":43,"column":63},"end":{"line":47,"column":5}},"line":43},"13":{"name":"(anonymous_13)","decl":{"start":{"line":49,"column":24},"end":{"line":49,"column":25}},"loc":{"start":{"line":49,"column":36},"end":{"line":52,"column":5}},"line":49},"14":{"name":"(anonymous_14)","decl":{"start":{"line":135,"column":25},"end":{"line":135,"column":26}},"loc":{"start":{"line":135,"column":31},"end":{"line":138,"column":17}},"line":135},"15":{"name":"(anonymous_15)","decl":{"start":{"line":142,"column":99},"end":{"line":142,"column":100}},"loc":{"start":{"line":142,"column":105},"end":{"line":142,"column":119}},"line":142},"16":{"name":"(anonymous_16)","decl":{"start":{"line":146,"column":99},"end":{"line":146,"column":100}},"loc":{"start":{"line":146,"column":105},"end":{"line":146,"column":149}},"line":146}},"branchMap":{"0":{"loc":{"start":{"line":44,"column":8},"end":{"line":46,"column":9}},"type":"if","locations":[{"start":{"line":44,"column":8},"end":{"line":46,"column":9}},{"start":{"line":44,"column":8},"end":{"line":46,"column":9}}],"line":44},"1":{"loc":{"start":{"line":82,"column":13},"end":{"line":119,"column":22}},"type":"cond-expr","locations":[{"start":{"line":83,"column":16},"end":{"line":102,"column":22}},{"start":{"line":104,"column":16},"end":{"line":119,"column":22}}],"line":82},"2":{"loc":{"start":{"line":140,"column":13},"end":{"line":147,"column":22}},"type":"cond-expr","locations":[{"start":{"line":141,"column":16},"end":{"line":143,"column":22}},{"start":{"line":145,"column":16},"end":{"line":147,"column":22}}],"line":140}},"s":{"0":1,"1":21,"2":21,"3":21,"4":1,"5":1,"6":21,"7":1,"8":1,"9":21,"10":1,"11":1,"12":21,"13":1,"14":1,"15":21,"16":1,"17":1,"18":21,"19":2,"20":21,"21":0,"22":0,"23":21,"24":1,"25":1,"26":21,"27":1,"28":1,"29":1,"30":1,"31":1},"f":{"0":21,"1":1,"2":1,"3":1,"4":1,"5":1,"6":1,"7":1,"8":1,"9":1,"10":1,"11":2,"12":0,"13":1,"14":1,"15":1,"16":1},"b":{"0":[0,0],"1":[15,6],"2":[15,6]},"_coverageSchema":"1a1c01bbd47fc00a2c39e90264f33305004495a9","hash":"b255f9c4854707f29eca7ed0692b29cdfe8aa2ba"}
,"/Users/petemarianne/WebstormProjects/DogShop/src/components/Footer/Footer.tsx": {"path":"/Users/petemarianne/WebstormProjects/DogShop/src/components/Footer/Footer.tsx","statementMap":{"0":{"start":{"line":4,"column":25},"end":{"line":13,"column":1}},"1":{"start":{"line":5,"column":4},"end":{"line":12,"column":5}}},"fnMap":{"0":{"name":"(anonymous_0)","decl":{"start":{"line":4,"column":25},"end":{"line":4,"column":26}},"loc":{"start":{"line":4,"column":44},"end":{"line":13,"column":1}},"line":4}},"branchMap":{},"s":{"0":0,"1":0},"f":{"0":0},"b":{}}
,"/Users/petemarianne/WebstormProjects/DogShop/src/components/Header/Header.tsx": {"path":"/Users/petemarianne/WebstormProjects/DogShop/src/components/Header/Header.tsx","statementMap":{"0":{"start":{"line":15,"column":25},"end":{"line":157,"column":1}},"1":{"start":{"line":16,"column":30},"end":{"line":16,"column":50}},"2":{"start":{"line":17,"column":36},"end":{"line":17,"column":60}},"3":{"start":{"line":18,"column":48},"end":{"line":18,"column":78}},"4":{"start":{"line":19,"column":44},"end":{"line":19,"column":68}},"5":{"start":{"line":20,"column":36},"end":{"line":20,"column":58}},"6":{"start":{"line":22,"column":37},"end":{"line":22,"column":62}},"7":{"start":{"line":24,"column":22},"end":{"line":24,"column":37}},"8":{"start":{"line":26,"column":28},"end":{"line":26,"column":52}},"9":{"start":{"line":28,"column":23},"end":{"line":30,"column":5}},"10":{"start":{"line":29,"column":8},"end":{"line":29,"column":22}},"11":{"start":{"line":32,"column":24},"end":{"line":34,"column":5}},"12":{"start":{"line":33,"column":8},"end":{"line":33,"column":23}},"13":{"start":{"line":36,"column":31},"end":{"line":38,"column":5}},"14":{"start":{"line":37,"column":8},"end":{"line":37,"column":47}},"15":{"start":{"line":40,"column":32},"end":{"line":42,"column":5}},"16":{"start":{"line":41,"column":8},"end":{"line":41,"column":32}},"17":{"start":{"line":44,"column":25},"end":{"line":46,"column":5}},"18":{"start":{"line":45,"column":8},"end":{"line":45,"column":31}},"19":{"start":{"line":48,"column":24},"end":{"line":50,"column":5}},"20":{"start":{"line":49,"column":8},"end":{"line":49,"column":37}},"21":{"start":{"line":52,"column":24},"end":{"line":62,"column":5}},"22":{"start":{"line":53,"column":8},"end":{"line":61,"column":9}},"23":{"start":{"line":54,"column":12},"end":{"line":54,"column":75}},"24":{"start":{"line":55,"column":12},"end":{"line":55,"column":47}},"25":{"start":{"line":56,"column":12},"end":{"line":60,"column":13}},"26":{"start":{"line":57,"column":16},"end":{"line":57,"column":34}},"27":{"start":{"line":59,"column":16},"end":{"line":59,"column":35}},"28":{"start":{"line":64,"column":27},"end":{"line":69,"column":5}},"29":{"start":{"line":65,"column":8},"end":{"line":67,"column":9}},"30":{"start":{"line":66,"column":12},"end":{"line":66,"column":39}},"31":{"start":{"line":68,"column":8},"end":{"line":68,"column":21}},"32":{"start":{"line":71,"column":37},"end":{"line":75,"column":5}},"33":{"start":{"line":72,"column":32},"end":{"line":72,"column":93}},"34":{"start":{"line":73,"column":21},"end":{"line":73,"column":79}},"35":{"start":{"line":73,"column":56},"end":{"line":73,"column":74}},"36":{"start":{"line":74,"column":8},"end":{"line":74,"column":27}},"37":{"start":{"line":77,"column":58},"end":{"line":77,"column":78}},"38":{"start":{"line":79,"column":4},"end":{"line":90,"column":10}},"39":{"start":{"line":80,"column":8},"end":{"line":82,"column":9}},"40":{"start":{"line":81,"column":12},"end":{"line":81,"column":71}},"41":{"start":{"line":83,"column":8},"end":{"line":85,"column":9}},"42":{"start":{"line":84,"column":12},"end":{"line":84,"column":71}},"43":{"start":{"line":86,"column":8},"end":{"line":86,"column":77}},"44":{"start":{"line":87,"column":8},"end":{"line":89,"column":10}},"45":{"start":{"line":88,"column":12},"end":{"line":88,"column":45}},"46":{"start":{"line":92,"column":4},"end":{"line":156,"column":6}},"47":{"start":{"line":123,"column":47},"end":{"line":123,"column":65}},"48":{"start":{"line":131,"column":47},"end":{"line":131,"column":66}},"49":{"start":{"line":133,"column":90},"end":{"line":133,"column":109}}},"fnMap":{"0":{"name":"(anonymous_0)","decl":{"start":{"line":15,"column":25},"end":{"line":15,"column":26}},"loc":{"start":{"line":15,"column":44},"end":{"line":157,"column":1}},"line":15},"1":{"name":"(anonymous_1)","decl":{"start":{"line":28,"column":23},"end":{"line":28,"column":24}},"loc":{"start":{"line":28,"column":35},"end":{"line":30,"column":5}},"line":28},"2":{"name":"(anonymous_2)","decl":{"start":{"line":32,"column":24},"end":{"line":32,"column":25}},"loc":{"start":{"line":32,"column":36},"end":{"line":34,"column":5}},"line":32},"3":{"name":"(anonymous_3)","decl":{"start":{"line":36,"column":31},"end":{"line":36,"column":32}},"loc":{"start":{"line":36,"column":66},"end":{"line":38,"column":5}},"line":36},"4":{"name":"(anonymous_4)","decl":{"start":{"line":40,"column":32},"end":{"line":40,"column":33}},"loc":{"start":{"line":40,"column":44},"end":{"line":42,"column":5}},"line":40},"5":{"name":"(anonymous_5)","decl":{"start":{"line":44,"column":25},"end":{"line":44,"column":26}},"loc":{"start":{"line":44,"column":51},"end":{"line":46,"column":5}},"line":44},"6":{"name":"(anonymous_6)","decl":{"start":{"line":48,"column":24},"end":{"line":48,"column":25}},"loc":{"start":{"line":48,"column":78},"end":{"line":50,"column":5}},"line":48},"7":{"name":"(anonymous_7)","decl":{"start":{"line":52,"column":24},"end":{"line":52,"column":25}},"loc":{"start":{"line":52,"column":62},"end":{"line":62,"column":5}},"line":52},"8":{"name":"(anonymous_8)","decl":{"start":{"line":64,"column":27},"end":{"line":64,"column":28}},"loc":{"start":{"line":64,"column":46},"end":{"line":69,"column":5}},"line":64},"9":{"name":"(anonymous_9)","decl":{"start":{"line":71,"column":37},"end":{"line":71,"column":38}},"loc":{"start":{"line":71,"column":66},"end":{"line":75,"column":5}},"line":71},"10":{"name":"(anonymous_10)","decl":{"start":{"line":73,"column":46},"end":{"line":73,"column":47}},"loc":{"start":{"line":73,"column":55},"end":{"line":73,"column":75}},"line":73},"11":{"name":"(anonymous_11)","decl":{"start":{"line":79,"column":14},"end":{"line":79,"column":15}},"loc":{"start":{"line":79,"column":20},"end":{"line":90,"column":5}},"line":79},"12":{"name":"(anonymous_12)","decl":{"start":{"line":87,"column":40},"end":{"line":87,"column":41}},"loc":{"start":{"line":87,"column":54},"end":{"line":89,"column":9}},"line":87},"13":{"name":"(anonymous_13)","decl":{"start":{"line":123,"column":41},"end":{"line":123,"column":42}},"loc":{"start":{"line":123,"column":47},"end":{"line":123,"column":65}},"line":123},"14":{"name":"(anonymous_14)","decl":{"start":{"line":131,"column":41},"end":{"line":131,"column":42}},"loc":{"start":{"line":131,"column":47},"end":{"line":131,"column":66}},"line":131},"15":{"name":"(anonymous_15)","decl":{"start":{"line":133,"column":84},"end":{"line":133,"column":85}},"loc":{"start":{"line":133,"column":90},"end":{"line":133,"column":109}},"line":133}},"branchMap":{"0":{"loc":{"start":{"line":53,"column":8},"end":{"line":61,"column":9}},"type":"if","locations":[{"start":{"line":53,"column":8},"end":{"line":61,"column":9}},{"start":{"line":53,"column":8},"end":{"line":61,"column":9}}],"line":53},"1":{"loc":{"start":{"line":56,"column":12},"end":{"line":60,"column":13}},"type":"if","locations":[{"start":{"line":56,"column":12},"end":{"line":60,"column":13}},{"start":{"line":56,"column":12},"end":{"line":60,"column":13}}],"line":56},"2":{"loc":{"start":{"line":65,"column":8},"end":{"line":67,"column":9}},"type":"if","locations":[{"start":{"line":65,"column":8},"end":{"line":67,"column":9}},{"start":{"line":65,"column":8},"end":{"line":67,"column":9}}],"line":65},"3":{"loc":{"start":{"line":80,"column":8},"end":{"line":82,"column":9}},"type":"if","locations":[{"start":{"line":80,"column":8},"end":{"line":82,"column":9}},{"start":{"line":80,"column":8},"end":{"line":82,"column":9}}],"line":80},"4":{"loc":{"start":{"line":83,"column":8},"end":{"line":85,"column":9}},"type":"if","locations":[{"start":{"line":83,"column":8},"end":{"line":85,"column":9}},{"start":{"line":83,"column":8},"end":{"line":85,"column":9}}],"line":83},"5":{"loc":{"start":{"line":95,"column":17},"end":{"line":115,"column":17}},"type":"binary-expr","locations":[{"start":{"line":95,"column":17},"end":{"line":95,"column":24}},{"start":{"line":96,"column":20},"end":{"line":114,"column":23}}],"line":95},"6":{"loc":{"start":{"line":116,"column":17},"end":{"line":141,"column":17}},"type":"binary-expr","locations":[{"start":{"line":116,"column":17},"end":{"line":116,"column":25}},{"start":{"line":117,"column":20},"end":{"line":140,"column":23}}],"line":116}},"s":{"0":0,"1":0,"2":0,"3":0,"4":0,"5":0,"6":0,"7":0,"8":0,"9":0,"10":0,"11":0,"12":0,"13":0,"14":0,"15":0,"16":0,"17":0,"18":0,"19":0,"20":0,"21":0,"22":0,"23":0,"24":0,"25":0,"26":0,"27":0,"28":0,"29":0,"30":0,"31":0,"32":0,"33":0,"34":0,"35":0,"36":0,"37":0,"38":0,"39":0,"40":0,"41":0,"42":0,"43":0,"44":0,"45":0,"46":0,"47":0,"48":0,"49":0},"f":{"0":0,"1":0,"2":0,"3":0,"4":0,"5":0,"6":0,"7":0,"8":0,"9":0,"10":0,"11":0,"12":0,"13":0,"14":0,"15":0},"b":{"0":[0,0],"1":[0,0],"2":[0,0],"3":[0,0],"4":[0,0],"5":[0,0],"6":[0,0]}}
,"/Users/petemarianne/WebstormProjects/DogShop/src/components/Header/AccountDropdown/AccountDropdown.tsx": {"path":"/Users/petemarianne/WebstormProjects/DogShop/src/components/Header/AccountDropdown/AccountDropdown.tsx","statementMap":{"0":{"start":{"line":10,"column":56},"end":{"line":31,"column":1}},"1":{"start":{"line":11,"column":4},"end":{"line":30,"column":6}}},"fnMap":{"0":{"name":"(anonymous_0)","decl":{"start":{"line":10,"column":56},"end":{"line":10,"column":57}},"loc":{"start":{"line":10,"column":80},"end":{"line":31,"column":1}},"line":10}},"branchMap":{},"s":{"0":0,"1":0},"f":{"0":0},"b":{}}
,"/Users/petemarianne/WebstormProjects/DogShop/src/components/Header/DrawerMenu/DrawerMenu.tsx": {"path":"/Users/petemarianne/WebstormProjects/DogShop/src/components/Header/DrawerMenu/DrawerMenu.tsx","statementMap":{"0":{"start":{"line":14,"column":46},"end":{"line":42,"column":1}},"1":{"start":{"line":15,"column":24},"end":{"line":18,"column":5}},"2":{"start":{"line":20,"column":4},"end":{"line":41,"column":6}},"3":{"start":{"line":23,"column":39},"end":{"line":23,"column":56}},"4":{"start":{"line":30,"column":102},"end":{"line":30,"column":120}},"5":{"start":{"line":30,"column":121},"end":{"line":30,"column":140}}},"fnMap":{"0":{"name":"(anonymous_0)","decl":{"start":{"line":14,"column":46},"end":{"line":14,"column":47}},"loc":{"start":{"line":14,"column":70},"end":{"line":42,"column":1}},"line":14},"1":{"name":"(anonymous_1)","decl":{"start":{"line":23,"column":33},"end":{"line":23,"column":34}},"loc":{"start":{"line":23,"column":39},"end":{"line":23,"column":56}},"line":23},"2":{"name":"(anonymous_2)","decl":{"start":{"line":30,"column":95},"end":{"line":30,"column":96}},"loc":{"start":{"line":30,"column":101},"end":{"line":30,"column":141}},"line":30}},"branchMap":{},"s":{"0":0,"1":0,"2":0,"3":0,"4":0,"5":0},"f":{"0":0,"1":0,"2":0},"b":{}}
,"/Users/petemarianne/WebstormProjects/DogShop/src/components/Layout/Layout.tsx": {"path":"/Users/petemarianne/WebstormProjects/DogShop/src/components/Layout/Layout.tsx","statementMap":{"0":{"start":{"line":7,"column":25},"end":{"line":19,"column":1}},"1":{"start":{"line":8,"column":42},"end":{"line":8,"column":63}},"2":{"start":{"line":10,"column":4},"end":{"line":18,"column":8}}},"fnMap":{"0":{"name":"(anonymous_0)","decl":{"start":{"line":7,"column":25},"end":{"line":7,"column":26}},"loc":{"start":{"line":7,"column":56},"end":{"line":19,"column":1}},"line":7}},"branchMap":{},"s":{"0":0,"1":0,"2":0},"f":{"0":0},"b":{}}
,"/Users/petemarianne/WebstormProjects/DogShop/src/contexts/filter-context.ts": {"path":"/Users/petemarianne/WebstormProjects/DogShop/src/contexts/filter-context.ts","statementMap":{"0":{"start":{"line":4,"column":35},"end":{"line":11,"column":1}},"1":{"start":{"line":18,"column":37},"end":{"line":21,"column":1}},"2":{"start":{"line":23,"column":29},"end":{"line":23,"column":57}}},"fnMap":{"0":{"name":"(anonymous_0)","decl":{"start":{"line":20,"column":20},"end":{"line":20,"column":21}},"loc":{"start":{"line":20,"column":26},"end":{"line":20,"column":28}},"line":20}},"branchMap":{},"s":{"0":1,"1":1,"2":1},"f":{"0":2},"b":{},"_coverageSchema":"1a1c01bbd47fc00a2c39e90264f33305004495a9","hash":"695de071b030eb2c2d0d1236263112736529d617"}
,"/Users/petemarianne/WebstormProjects/DogShop/src/hooks/useScreenSize.ts": {"path":"/Users/petemarianne/WebstormProjects/DogShop/src/hooks/useScreenSize.ts","statementMap":{"0":{"start":{"line":9,"column":29},"end":{"line":16,"column":1}},"1":{"start":{"line":10,"column":29},"end":{"line":10,"column":64}},"2":{"start":{"line":11,"column":8},"end":{"line":15,"column":9}}},"fnMap":{"0":{"name":"(anonymous_0)","decl":{"start":{"line":9,"column":29},"end":{"line":9,"column":30}},"loc":{"start":{"line":9,"column":47},"end":{"line":16,"column":1}},"line":9}},"branchMap":{"0":{"loc":{"start":{"line":13,"column":20},"end":{"line":13,"column":67}},"type":"binary-expr","locations":[{"start":{"line":13,"column":20},"end":{"line":13,"column":55}},{"start":{"line":13,"column":59},"end":{"line":13,"column":67}}],"line":13}},"s":{"0":0,"1":0,"2":0},"f":{"0":0},"b":{"0":[0,0]}}
,"/Users/petemarianne/WebstormProjects/DogShop/src/interfaces/Ad.ts": {"path":"/Users/petemarianne/WebstormProjects/DogShop/src/interfaces/Ad.ts","statementMap":{},"fnMap":{},"branchMap":{},"s":{},"f":{},"b":{}}
,"/Users/petemarianne/WebstormProjects/DogShop/src/interfaces/Fields.ts": {"path":"/Users/petemarianne/WebstormProjects/DogShop/src/interfaces/Fields.ts","statementMap":{},"fnMap":{},"branchMap":{},"s":{},"f":{},"b":{}}
,"/Users/petemarianne/WebstormProjects/DogShop/src/interfaces/Filter.ts": {"path":"/Users/petemarianne/WebstormProjects/DogShop/src/interfaces/Filter.ts","statementMap":{},"fnMap":{},"branchMap":{},"s":{},"f":{},"b":{}}
,"/Users/petemarianne/WebstormProjects/DogShop/src/interfaces/NumericDate.ts": {"path":"/Users/petemarianne/WebstormProjects/DogShop/src/interfaces/NumericDate.ts","statementMap":{},"fnMap":{},"branchMap":{},"s":{},"f":{},"b":{}}
,"/Users/petemarianne/WebstormProjects/DogShop/src/interfaces/User.ts": {"path":"/Users/petemarianne/WebstormProjects/DogShop/src/interfaces/User.ts","statementMap":{},"fnMap":{},"branchMap":{},"s":{},"f":{},"b":{}}
,"/Users/petemarianne/WebstormProjects/DogShop/src/interfaces/index.ts": {"path":"/Users/petemarianne/WebstormProjects/DogShop/src/interfaces/index.ts","statementMap":{},"fnMap":{},"branchMap":{},"s":{},"f":{},"b":{}}
,"/Users/petemarianne/WebstormProjects/DogShop/src/pages/index.ts": {"path":"/Users/petemarianne/WebstormProjects/DogShop/src/pages/index.ts","statementMap":{},"fnMap":{},"branchMap":{},"s":{},"f":{},"b":{}}
,"/Users/petemarianne/WebstormProjects/DogShop/src/pages/Ad/Ad.tsx": {"path":"/Users/petemarianne/WebstormProjects/DogShop/src/pages/Ad/Ad.tsx","statementMap":{"0":{"start":{"line":9,"column":28},"end":{"line":155,"column":1}},"1":{"start":{"line":10,"column":38},"end":{"line":10,"column":53}},"2":{"start":{"line":11,"column":24},"end":{"line":25,"column":6}},"3":{"start":{"line":26,"column":28},"end":{"line":37,"column":6}},"4":{"start":{"line":38,"column":28},"end":{"line":38,"column":52}},"5":{"start":{"line":39,"column":19},"end":{"line":39,"column":44}},"6":{"start":{"line":41,"column":4},"end":{"line":48,"column":6}},"7":{"start":{"line":42,"column":8},"end":{"line":47,"column":11}},"8":{"start":{"line":43,"column":12},"end":{"line":43,"column":29}},"9":{"start":{"line":44,"column":12},"end":{"line":46,"column":15}},"10":{"start":{"line":45,"column":16},"end":{"line":45,"column":35}},"11":{"start":{"line":50,"column":23},"end":{"line":52,"column":5}},"12":{"start":{"line":51,"column":8},"end":{"line":51,"column":22}},"13":{"start":{"line":54,"column":24},"end":{"line":56,"column":5}},"14":{"start":{"line":55,"column":8},"end":{"line":55,"column":23}},"15":{"start":{"line":58,"column":36},"end":{"line":58,"column":126}},"16":{"start":{"line":61,"column":12},"end":{"line":68,"column":19}},"17":{"start":{"line":71,"column":8},"end":{"line":78,"column":11}},"18":{"start":{"line":80,"column":4},"end":{"line":154,"column":6}}},"fnMap":{"0":{"name":"(anonymous_0)","decl":{"start":{"line":9,"column":28},"end":{"line":9,"column":29}},"loc":{"start":{"line":9,"column":47},"end":{"line":155,"column":1}},"line":9},"1":{"name":"(anonymous_1)","decl":{"start":{"line":41,"column":14},"end":{"line":41,"column":15}},"loc":{"start":{"line":41,"column":20},"end":{"line":48,"column":5}},"line":41},"2":{"name":"(anonymous_2)","decl":{"start":{"line":42,"column":25},"end":{"line":42,"column":26}},"loc":{"start":{"line":42,"column":40},"end":{"line":47,"column":9}},"line":42},"3":{"name":"(anonymous_3)","decl":{"start":{"line":44,"column":68},"end":{"line":44,"column":69}},"loc":{"start":{"line":44,"column":83},"end":{"line":46,"column":13}},"line":44},"4":{"name":"(anonymous_4)","decl":{"start":{"line":50,"column":23},"end":{"line":50,"column":24}},"loc":{"start":{"line":50,"column":35},"end":{"line":52,"column":5}},"line":50},"5":{"name":"(anonymous_5)","decl":{"start":{"line":54,"column":24},"end":{"line":54,"column":25}},"loc":{"start":{"line":54,"column":36},"end":{"line":56,"column":5}},"line":54}},"branchMap":{"0":{"loc":{"start":{"line":61,"column":54},"end":{"line":61,"column":141}},"type":"cond-expr","locations":[{"start":{"line":61,"column":89},"end":{"line":61,"column":101}},{"start":{"line":61,"column":104},"end":{"line":61,"column":141}}],"line":61},"1":{"loc":{"start":{"line":82,"column":13},"end":{"line":112,"column":13}},"type":"binary-expr","locations":[{"start":{"line":82,"column":13},"end":{"line":82,"column":20}},{"start":{"line":83,"column":16},"end":{"line":111,"column":22}}],"line":82},"2":{"loc":{"start":{"line":113,"column":13},"end":{"line":133,"column":13}},"type":"binary-expr","locations":[{"start":{"line":113,"column":13},"end":{"line":113,"column":19}},{"start":{"line":114,"column":16},"end":{"line":132,"column":22}}],"line":113},"3":{"loc":{"start":{"line":134,"column":13},"end":{"line":152,"column":13}},"type":"binary-expr","locations":[{"start":{"line":134,"column":13},"end":{"line":134,"column":19}},{"start":{"line":135,"column":16},"end":{"line":151,"column":22}}],"line":134}},"s":{"0":0,"1":0,"2":0,"3":0,"4":0,"5":0,"6":0,"7":0,"8":0,"9":0,"10":0,"11":0,"12":0,"13":0,"14":0,"15":0,"16":0,"17":0,"18":0},"f":{"0":0,"1":0,"2":0,"3":0,"4":0,"5":0},"b":{"0":[0,0],"1":[0,0],"2":[0,0],"3":[0,0]}}
,"/Users/petemarianne/WebstormProjects/DogShop/src/pages/Main/Main.tsx": {"path":"/Users/petemarianne/WebstormProjects/DogShop/src/pages/Main/Main.tsx","statementMap":{"0":{"start":{"line":13,"column":30},"end":{"line":133,"column":1}},"1":{"start":{"line":14,"column":34},"end":{"line":14,"column":52}},"2":{"start":{"line":15,"column":34},"end":{"line":15,"column":57}},"3":{"start":{"line":16,"column":28},"end":{"line":16,"column":47}},"4":{"start":{"line":18,"column":37},"end":{"line":18,"column":62}},"5":{"start":{"line":20,"column":22},"end":{"line":20,"column":37}},"6":{"start":{"line":22,"column":23},"end":{"line":38,"column":5}},"7":{"start":{"line":23,"column":8},"end":{"line":25,"column":9}},"8":{"start":{"line":24,"column":12},"end":{"line":24,"column":59}},"9":{"start":{"line":26,"column":8},"end":{"line":37,"column":9}},"10":{"start":{"line":28,"column":16},"end":{"line":28,"column":63}},"11":{"start":{"line":30,"column":16},"end":{"line":30,"column":63}},"12":{"start":{"line":32,"column":16},"end":{"line":32,"column":49}},"13":{"start":{"line":34,"column":16},"end":{"line":34,"column":49}},"14":{"start":{"line":36,"column":16},"end":{"line":36,"column":63}},"15":{"start":{"line":40,"column":25},"end":{"line":42,"column":5}},"16":{"start":{"line":41,"column":8},"end":{"line":41,"column":23}},"17":{"start":{"line":44,"column":32},"end":{"line":44,"column":79}},"18":{"start":{"line":44,"column":55},"end":{"line":44,"column":78}},"19":{"start":{"line":45,"column":37},"end":{"line":69,"column":6}},"20":{"start":{"line":46,"column":8},"end":{"line":68,"column":9}},"21":{"start":{"line":47,"column":12},"end":{"line":65,"column":14}},"22":{"start":{"line":67,"column":12},"end":{"line":67,"column":59}},"23":{"start":{"line":72,"column":8},"end":{"line":82,"column":16}},"24":{"start":{"line":78,"column":20},"end":{"line":78,"column":48}},"25":{"start":{"line":79,"column":20},"end":{"line":79,"column":59}},"26":{"start":{"line":84,"column":36},"end":{"line":84,"column":143}},"27":{"start":{"line":86,"column":4},"end":{"line":100,"column":25}},"28":{"start":{"line":87,"column":8},"end":{"line":93,"column":9}},"29":{"start":{"line":88,"column":34},"end":{"line":88,"column":92}},"30":{"start":{"line":89,"column":12},"end":{"line":92,"column":15}},"31":{"start":{"line":89,"column":47},"end":{"line":92,"column":13}},"32":{"start":{"line":94,"column":8},"end":{"line":94,"column":68}},"33":{"start":{"line":95,"column":8},"end":{"line":95,"column":25}},"34":{"start":{"line":96,"column":8},"end":{"line":99,"column":10}},"35":{"start":{"line":97,"column":12},"end":{"line":97,"column":33}},"36":{"start":{"line":98,"column":12},"end":{"line":98,"column":30}},"37":{"start":{"line":102,"column":4},"end":{"line":108,"column":17}},"38":{"start":{"line":103,"column":8},"end":{"line":103,"column":25}},"39":{"start":{"line":104,"column":8},"end":{"line":104,"column":19}},"40":{"start":{"line":105,"column":8},"end":{"line":107,"column":16}},"41":{"start":{"line":106,"column":12},"end":{"line":106,"column":30}},"42":{"start":{"line":110,"column":4},"end":{"line":132,"column":6}}},"fnMap":{"0":{"name":"(anonymous_0)","decl":{"start":{"line":13,"column":30},"end":{"line":13,"column":31}},"loc":{"start":{"line":13,"column":49},"end":{"line":133,"column":1}},"line":13},"1":{"name":"(anonymous_1)","decl":{"start":{"line":22,"column":23},"end":{"line":22,"column":24}},"loc":{"start":{"line":22,"column":57},"end":{"line":38,"column":5}},"line":22},"2":{"name":"(anonymous_2)","decl":{"start":{"line":40,"column":25},"end":{"line":40,"column":26}},"loc":{"start":{"line":40,"column":85},"end":{"line":42,"column":5}},"line":40},"3":{"name":"(anonymous_3)","decl":{"start":{"line":44,"column":47},"end":{"line":44,"column":48}},"loc":{"start":{"line":44,"column":55},"end":{"line":44,"column":78}},"line":44},"4":{"name":"(anonymous_4)","decl":{"start":{"line":45,"column":72},"end":{"line":45,"column":73}},"loc":{"start":{"line":45,"column":89},"end":{"line":69,"column":5}},"line":45},"5":{"name":"(anonymous_5)","decl":{"start":{"line":77,"column":25},"end":{"line":77,"column":26}},"loc":{"start":{"line":77,"column":31},"end":{"line":80,"column":17}},"line":77},"6":{"name":"(anonymous_6)","decl":{"start":{"line":86,"column":14},"end":{"line":86,"column":15}},"loc":{"start":{"line":86,"column":20},"end":{"line":100,"column":5}},"line":86},"7":{"name":"(anonymous_7)","decl":{"start":{"line":89,"column":27},"end":{"line":89,"column":28}},"loc":{"start":{"line":89,"column":47},"end":{"line":92,"column":13}},"line":89},"8":{"name":"(anonymous_8)","decl":{"start":{"line":96,"column":24},"end":{"line":96,"column":25}},"loc":{"start":{"line":96,"column":38},"end":{"line":99,"column":9}},"line":96},"9":{"name":"(anonymous_9)","decl":{"start":{"line":102,"column":14},"end":{"line":102,"column":15}},"loc":{"start":{"line":102,"column":20},"end":{"line":108,"column":5}},"line":102},"10":{"name":"(anonymous_10)","decl":{"start":{"line":105,"column":19},"end":{"line":105,"column":20}},"loc":{"start":{"line":105,"column":25},"end":{"line":107,"column":9}},"line":105}},"branchMap":{"0":{"loc":{"start":{"line":23,"column":8},"end":{"line":25,"column":9}},"type":"if","locations":[{"start":{"line":23,"column":8},"end":{"line":25,"column":9}},{"start":{"line":23,"column":8},"end":{"line":25,"column":9}}],"line":23},"1":{"loc":{"start":{"line":26,"column":8},"end":{"line":37,"column":9}},"type":"switch","locations":[{"start":{"line":27,"column":12},"end":{"line":28,"column":63}},{"start":{"line":29,"column":12},"end":{"line":30,"column":63}},{"start":{"line":31,"column":12},"end":{"line":32,"column":49}},{"start":{"line":33,"column":12},"end":{"line":34,"column":49}},{"start":{"line":35,"column":12},"end":{"line":36,"column":63}}],"line":26},"2":{"loc":{"start":{"line":46,"column":8},"end":{"line":68,"column":9}},"type":"if","locations":[{"start":{"line":46,"column":8},"end":{"line":68,"column":9}},{"start":{"line":46,"column":8},"end":{"line":68,"column":9}}],"line":46},"3":{"loc":{"start":{"line":46,"column":12},"end":{"line":46,"column":89}},"type":"binary-expr","locations":[{"start":{"line":46,"column":12},"end":{"line":46,"column":40}},{"start":{"line":46,"column":44},"end":{"line":46,"column":68}},{"start":{"line":46,"column":72},"end":{"line":46,"column":89}}],"line":46},"4":{"loc":{"start":{"line":52,"column":31},"end":{"line":52,"column":73}},"type":"cond-expr","locations":[{"start":{"line":52,"column":41},"end":{"line":52,"column":58}},{"start":{"line":52,"column":61},"end":{"line":52,"column":73}}],"line":52},"5":{"loc":{"start":{"line":74,"column":23},"end":{"line":74,"column":126}},"type":"cond-expr","locations":[{"start":{"line":74,"column":57},"end":{"line":74,"column":82}},{"start":{"line":74,"column":85},"end":{"line":74,"column":126}}],"line":74},"6":{"loc":{"start":{"line":81,"column":27},"end":{"line":81,"column":115}},"type":"cond-expr","locations":[{"start":{"line":81,"column":67},"end":{"line":81,"column":92}},{"start":{"line":81,"column":95},"end":{"line":81,"column":115}}],"line":81},"7":{"loc":{"start":{"line":81,"column":27},"end":{"line":81,"column":64}},"type":"binary-expr","locations":[{"start":{"line":81,"column":27},"end":{"line":81,"column":53}},{"start":{"line":81,"column":57},"end":{"line":81,"column":64}}],"line":81},"8":{"loc":{"start":{"line":84,"column":98},"end":{"line":84,"column":134}},"type":"cond-expr","locations":[{"start":{"line":84,"column":108},"end":{"line":84,"column":117}},{"start":{"line":84,"column":120},"end":{"line":84,"column":134}}],"line":84},"9":{"loc":{"start":{"line":87,"column":8},"end":{"line":93,"column":9}},"type":"if","locations":[{"start":{"line":87,"column":8},"end":{"line":93,"column":9}},{"start":{"line":87,"column":8},"end":{"line":93,"column":9}}],"line":87},"10":{"loc":{"start":{"line":112,"column":13},"end":{"line":122,"column":13}},"type":"binary-expr","locations":[{"start":{"line":112,"column":13},"end":{"line":112,"column":20}},{"start":{"line":113,"column":16},"end":{"line":121,"column":22}}],"line":112},"11":{"loc":{"start":{"line":117,"column":25},"end":{"line":117,"column":171}},"type":"cond-expr","locations":[{"start":{"line":117,"column":90},"end":{"line":117,"column":163}},{"start":{"line":117,"column":166},"end":{"line":117,"column":171}}],"line":117},"12":{"loc":{"start":{"line":117,"column":25},"end":{"line":117,"column":87}},"type":"binary-expr","locations":[{"start":{"line":117,"column":25},"end":{"line":117,"column":33}},{"start":{"line":117,"column":37},"end":{"line":117,"column":57}},{"start":{"line":117,"column":61},"end":{"line":117,"column":87}}],"line":117},"13":{"loc":{"start":{"line":123,"column":13},"end":{"line":130,"column":13}},"type":"binary-expr","locations":[{"start":{"line":123,"column":13},"end":{"line":123,"column":21}},{"start":{"line":124,"column":16},"end":{"line":129,"column":22}}],"line":123},"14":{"loc":{"start":{"line":126,"column":21},"end":{"line":126,"column":167}},"type":"cond-expr","locations":[{"start":{"line":126,"column":86},"end":{"line":126,"column":159}},{"start":{"line":126,"column":162},"end":{"line":126,"column":167}}],"line":126},"15":{"loc":{"start":{"line":126,"column":21},"end":{"line":126,"column":83}},"type":"binary-expr","locations":[{"start":{"line":126,"column":21},"end":{"line":126,"column":29}},{"start":{"line":126,"column":33},"end":{"line":126,"column":53}},{"start":{"line":126,"column":57},"end":{"line":126,"column":83}}],"line":126}},"s":{"0":0,"1":0,"2":0,"3":0,"4":0,"5":0,"6":0,"7":0,"8":0,"9":0,"10":0,"11":0,"12":0,"13":0,"14":0,"15":0,"16":0,"17":0,"18":0,"19":0,"20":0,"21":0,"22":0,"23":0,"24":0,"25":0,"26":0,"27":0,"28":0,"29":0,"30":0,"31":0,"32":0,"33":0,"34":0,"35":0,"36":0,"37":0,"38":0,"39":0,"40":0,"41":0,"42":0},"f":{"0":0,"1":0,"2":0,"3":0,"4":0,"5":0,"6":0,"7":0,"8":0,"9":0,"10":0},"b":{"0":[0,0],"1":[0,0,0,0,0],"2":[0,0],"3":[0,0,0],"4":[0,0],"5":[0,0],"6":[0,0],"7":[0,0],"8":[0,0],"9":[0,0],"10":[0,0],"11":[0,0],"12":[0,0,0],"13":[0,0],"14":[0,0],"15":[0,0,0]}}
,"/Users/petemarianne/WebstormProjects/DogShop/src/pages/MyProfile/MyProfile.tsx": {"path":"/Users/petemarianne/WebstormProjects/DogShop/src/pages/MyProfile/MyProfile.tsx","statementMap":{"0":{"start":{"line":4,"column":35},"end":{"line":6,"column":1}},"1":{"start":{"line":5,"column":4},"end":{"line":5,"column":40}}},"fnMap":{"0":{"name":"(anonymous_0)","decl":{"start":{"line":4,"column":35},"end":{"line":4,"column":36}},"loc":{"start":{"line":4,"column":54},"end":{"line":6,"column":1}},"line":4}},"branchMap":{},"s":{"0":0,"1":0},"f":{"0":0},"b":{}}
,"/Users/petemarianne/WebstormProjects/DogShop/src/pages/Page404/Page404.tsx": {"path":"/Users/petemarianne/WebstormProjects/DogShop/src/pages/Page404/Page404.tsx","statementMap":{"0":{"start":{"line":8,"column":33},"end":{"line":27,"column":1}},"1":{"start":{"line":9,"column":4},"end":{"line":26,"column":5}}},"fnMap":{"0":{"name":"(anonymous_0)","decl":{"start":{"line":8,"column":33},"end":{"line":8,"column":34}},"loc":{"start":{"line":8,"column":52},"end":{"line":27,"column":1}},"line":8}},"branchMap":{},"s":{"0":0,"1":0},"f":{"0":0},"b":{}}
,"/Users/petemarianne/WebstormProjects/DogShop/src/pages/Profile/Profile.tsx": {"path":"/Users/petemarianne/WebstormProjects/DogShop/src/pages/Profile/Profile.tsx","statementMap":{"0":{"start":{"line":22,"column":47},"end":{"line":205,"column":1}},"1":{"start":{"line":23,"column":34},"end":{"line":23,"column":52}},"2":{"start":{"line":24,"column":28},"end":{"line":35,"column":6}},"3":{"start":{"line":36,"column":19},"end":{"line":36,"column":44}},"4":{"start":{"line":37,"column":36},"end":{"line":37,"column":47}},"5":{"start":{"line":38,"column":28},"end":{"line":38,"column":53}},"6":{"start":{"line":40,"column":4},"end":{"line":49,"column":19}},"7":{"start":{"line":41,"column":28},"end":{"line":41,"column":82}},"8":{"start":{"line":42,"column":8},"end":{"line":47,"column":10}},"9":{"start":{"line":43,"column":12},"end":{"line":43,"column":31}},"10":{"start":{"line":44,"column":12},"end":{"line":46,"column":14}},"11":{"start":{"line":45,"column":16},"end":{"line":45,"column":38}},"12":{"start":{"line":51,"column":22},"end":{"line":51,"column":37}},"13":{"start":{"line":53,"column":30},"end":{"line":60,"column":5}},"14":{"start":{"line":62,"column":4},"end":{"line":64,"column":5}},"15":{"start":{"line":63,"column":8},"end":{"line":63,"column":86}},"16":{"start":{"line":66,"column":21},"end":{"line":78,"column":5}},"17":{"start":{"line":67,"column":12},"end":{"line":77,"column":25}},"18":{"start":{"line":80,"column":29},"end":{"line":82,"column":5}},"19":{"start":{"line":81,"column":8},"end":{"line":81,"column":25}},"20":{"start":{"line":84,"column":4},"end":{"line":204,"column":6}},"21":{"start":{"line":120,"column":32},"end":{"line":128,"column":34}},"22":{"start":{"line":135,"column":32},"end":{"line":189,"column":34}},"23":{"start":{"line":151,"column":60},"end":{"line":153,"column":63}},"24":{"start":{"line":152,"column":64},"end":{"line":152,"column":94}},"25":{"start":{"line":152,"column":84},"end":{"line":152,"column":91}},"26":{"start":{"line":165,"column":68},"end":{"line":167,"column":71}},"27":{"start":{"line":166,"column":72},"end":{"line":166,"column":102}},"28":{"start":{"line":166,"column":92},"end":{"line":166,"column":99}},"29":{"start":{"line":177,"column":68},"end":{"line":179,"column":71}},"30":{"start":{"line":178,"column":72},"end":{"line":178,"column":102}},"31":{"start":{"line":178,"column":92},"end":{"line":178,"column":99}}},"fnMap":{"0":{"name":"(anonymous_0)","decl":{"start":{"line":22,"column":47},"end":{"line":22,"column":48}},"loc":{"start":{"line":22,"column":71},"end":{"line":205,"column":1}},"line":22},"1":{"name":"(anonymous_1)","decl":{"start":{"line":40,"column":14},"end":{"line":40,"column":15}},"loc":{"start":{"line":40,"column":20},"end":{"line":49,"column":5}},"line":40},"2":{"name":"(anonymous_2)","decl":{"start":{"line":42,"column":25},"end":{"line":42,"column":26}},"loc":{"start":{"line":42,"column":40},"end":{"line":47,"column":9}},"line":42},"3":{"name":"(anonymous_3)","decl":{"start":{"line":44,"column":45},"end":{"line":44,"column":46}},"loc":{"start":{"line":44,"column":60},"end":{"line":46,"column":13}},"line":44},"4":{"name":"(anonymous_4)","decl":{"start":{"line":66,"column":21},"end":{"line":66,"column":22}},"loc":{"start":{"line":66,"column":69},"end":{"line":78,"column":5}},"line":66},"5":{"name":"(anonymous_5)","decl":{"start":{"line":80,"column":29},"end":{"line":80,"column":30}},"loc":{"start":{"line":80,"column":119},"end":{"line":82,"column":5}},"line":80},"6":{"name":"(anonymous_6)","decl":{"start":{"line":119,"column":41},"end":{"line":119,"column":42}},"loc":{"start":{"line":119,"column":53},"end":{"line":129,"column":29}},"line":119},"7":{"name":"(anonymous_7)","decl":{"start":{"line":134,"column":70},"end":{"line":134,"column":71}},"loc":{"start":{"line":134,"column":79},"end":{"line":190,"column":29}},"line":134},"8":{"name":"(anonymous_8)","decl":{"start":{"line":150,"column":65},"end":{"line":150,"column":66}},"loc":{"start":{"line":150,"column":71},"end":{"line":154,"column":57}},"line":150},"9":{"name":"(anonymous_9)","decl":{"start":{"line":151,"column":87},"end":{"line":151,"column":88}},"loc":{"start":{"line":151,"column":93},"end":{"line":153,"column":61}},"line":151},"10":{"name":"(anonymous_10)","decl":{"start":{"line":152,"column":76},"end":{"line":152,"column":77}},"loc":{"start":{"line":152,"column":84},"end":{"line":152,"column":91}},"line":152},"11":{"name":"(anonymous_11)","decl":{"start":{"line":164,"column":73},"end":{"line":164,"column":74}},"loc":{"start":{"line":164,"column":79},"end":{"line":168,"column":65}},"line":164},"12":{"name":"(anonymous_12)","decl":{"start":{"line":165,"column":91},"end":{"line":165,"column":92}},"loc":{"start":{"line":165,"column":97},"end":{"line":167,"column":69}},"line":165},"13":{"name":"(anonymous_13)","decl":{"start":{"line":166,"column":84},"end":{"line":166,"column":85}},"loc":{"start":{"line":166,"column":92},"end":{"line":166,"column":99}},"line":166},"14":{"name":"(anonymous_14)","decl":{"start":{"line":176,"column":73},"end":{"line":176,"column":74}},"loc":{"start":{"line":176,"column":79},"end":{"line":180,"column":65}},"line":176},"15":{"name":"(anonymous_15)","decl":{"start":{"line":177,"column":92},"end":{"line":177,"column":93}},"loc":{"start":{"line":177,"column":98},"end":{"line":179,"column":69}},"line":177},"16":{"name":"(anonymous_16)","decl":{"start":{"line":178,"column":84},"end":{"line":178,"column":85}},"loc":{"start":{"line":178,"column":92},"end":{"line":178,"column":99}},"line":178}},"branchMap":{"0":{"loc":{"start":{"line":41,"column":28},"end":{"line":41,"column":82}},"type":"cond-expr","locations":[{"start":{"line":41,"column":46},"end":{"line":41,"column":58}},{"start":{"line":41,"column":61},"end":{"line":41,"column":82}}],"line":41},"1":{"loc":{"start":{"line":62,"column":4},"end":{"line":64,"column":5}},"type":"if","locations":[{"start":{"line":62,"column":4},"end":{"line":64,"column":5}},{"start":{"line":62,"column":4},"end":{"line":64,"column":5}}],"line":62},"2":{"loc":{"start":{"line":67,"column":19},"end":{"line":77,"column":24}},"type":"cond-expr","locations":[{"start":{"line":68,"column":16},"end":{"line":76,"column":28}},{"start":{"line":77,"column":12},"end":{"line":77,"column":24}}],"line":67},"3":{"loc":{"start":{"line":86,"column":13},"end":{"line":101,"column":13}},"type":"binary-expr","locations":[{"start":{"line":86,"column":13},"end":{"line":86,"column":20}},{"start":{"line":87,"column":16},"end":{"line":100,"column":22}}],"line":86},"4":{"loc":{"start":{"line":102,"column":13},"end":{"line":114,"column":13}},"type":"binary-expr","locations":[{"start":{"line":102,"column":13},"end":{"line":102,"column":21}},{"start":{"line":103,"column":16},"end":{"line":113,"column":22}}],"line":102},"5":{"loc":{"start":{"line":143,"column":41},"end":{"line":186,"column":63}},"type":"cond-expr","locations":[{"start":{"line":144,"column":44},"end":{"line":186,"column":56}},{"start":{"line":186,"column":59},"end":{"line":186,"column":63}}],"line":143},"6":{"loc":{"start":{"line":145,"column":49},"end":{"line":184,"column":66}},"type":"cond-expr","locations":[{"start":{"line":146,"column":52},"end":{"line":157,"column":65}},{"start":{"line":158,"column":52},"end":{"line":184,"column":66}}],"line":145},"7":{"loc":{"start":{"line":158,"column":52},"end":{"line":184,"column":66}},"type":"cond-expr","locations":[{"start":{"line":159,"column":56},"end":{"line":184,"column":59}},{"start":{"line":184,"column":62},"end":{"line":184,"column":66}}],"line":158}},"s":{"0":0,"1":0,"2":0,"3":0,"4":0,"5":0,"6":0,"7":0,"8":0,"9":0,"10":0,"11":0,"12":0,"13":0,"14":0,"15":0,"16":0,"17":0,"18":0,"19":0,"20":0,"21":0,"22":0,"23":0,"24":0,"25":0,"26":0,"27":0,"28":0,"29":0,"30":0,"31":0},"f":{"0":0,"1":0,"2":0,"3":0,"4":0,"5":0,"6":0,"7":0,"8":0,"9":0,"10":0,"11":0,"12":0,"13":0,"14":0,"15":0,"16":0},"b":{"0":[0,0],"1":[0,0],"2":[0,0],"3":[0,0],"4":[0,0],"5":[0,0],"6":[0,0],"7":[0,0]}}
,"/Users/petemarianne/WebstormProjects/DogShop/src/utils/activateAd.ts": {"path":"/Users/petemarianne/WebstormProjects/DogShop/src/utils/activateAd.ts","statementMap":{"0":{"start":{"line":4,"column":26},"end":{"line":17,"column":1}},"1":{"start":{"line":5,"column":4},"end":{"line":12,"column":6}},"2":{"start":{"line":13,"column":4},"end":{"line":16,"column":7}}},"fnMap":{"0":{"name":"(anonymous_0)","decl":{"start":{"line":4,"column":26},"end":{"line":4,"column":27}},"loc":{"start":{"line":4,"column":71},"end":{"line":17,"column":1}},"line":4}},"branchMap":{},"s":{"0":0,"1":0,"2":0},"f":{"0":0},"b":{}}
,"/Users/petemarianne/WebstormProjects/DogShop/src/utils/closeAd.ts": {"path":"/Users/petemarianne/WebstormProjects/DogShop/src/utils/closeAd.ts","statementMap":{"0":{"start":{"line":4,"column":23},"end":{"line":15,"column":1}},"1":{"start":{"line":5,"column":4},"end":{"line":10,"column":7}},"2":{"start":{"line":11,"column":4},"end":{"line":14,"column":7}}},"fnMap":{"0":{"name":"(anonymous_0)","decl":{"start":{"line":4,"column":23},"end":{"line":4,"column":24}},"loc":{"start":{"line":4,"column":68},"end":{"line":15,"column":1}},"line":4}},"branchMap":{},"s":{"0":0,"1":0,"2":0},"f":{"0":0},"b":{}}
,"/Users/petemarianne/WebstormProjects/DogShop/src/utils/fetchAd.ts": {"path":"/Users/petemarianne/WebstormProjects/DogShop/src/utils/fetchAd.ts","statementMap":{"0":{"start":{"line":4,"column":23},"end":{"line":19,"column":1}},"1":{"start":{"line":5,"column":26},"end":{"line":5,"column":88}},"2":{"start":{"line":6,"column":4},"end":{"line":18,"column":12}},"3":{"start":{"line":6,"column":44},"end":{"line":18,"column":6}}},"fnMap":{"0":{"name":"(anonymous_0)","decl":{"start":{"line":4,"column":23},"end":{"line":4,"column":24}},"loc":{"start":{"line":4,"column":58},"end":{"line":19,"column":1}},"line":4},"1":{"name":"(anonymous_1)","decl":{"start":{"line":6,"column":34},"end":{"line":6,"column":35}},"loc":{"start":{"line":6,"column":43},"end":{"line":18,"column":7}},"line":6}},"branchMap":{},"s":{"0":0,"1":0,"2":0,"3":0},"f":{"0":0,"1":0},"b":{}}
,"/Users/petemarianne/WebstormProjects/DogShop/src/utils/fetchAds.ts": {"path":"/Users/petemarianne/WebstormProjects/DogShop/src/utils/fetchAds.ts","statementMap":{"0":{"start":{"line":4,"column":24},"end":{"line":18,"column":1}},"1":{"start":{"line":5,"column":26},"end":{"line":5,"column":61}},"2":{"start":{"line":6,"column":4},"end":{"line":17,"column":9}},"3":{"start":{"line":6,"column":44},"end":{"line":17,"column":6}}},"fnMap":{"0":{"name":"(anonymous_0)","decl":{"start":{"line":4,"column":24},"end":{"line":4,"column":25}},"loc":{"start":{"line":4,"column":51},"end":{"line":18,"column":1}},"line":4},"1":{"name":"(anonymous_1)","decl":{"start":{"line":6,"column":34},"end":{"line":6,"column":35}},"loc":{"start":{"line":6,"column":43},"end":{"line":17,"column":7}},"line":6}},"branchMap":{},"s":{"0":0,"1":0,"2":0,"3":0},"f":{"0":0,"1":0},"b":{}}
,"/Users/petemarianne/WebstormProjects/DogShop/src/utils/fetchUser.ts": {"path":"/Users/petemarianne/WebstormProjects/DogShop/src/utils/fetchUser.ts","statementMap":{"0":{"start":{"line":4,"column":25},"end":{"line":15,"column":1}},"1":{"start":{"line":5,"column":28},"end":{"line":5,"column":93}},"2":{"start":{"line":6,"column":4},"end":{"line":14,"column":12}},"3":{"start":{"line":6,"column":46},"end":{"line":14,"column":6}}},"fnMap":{"0":{"name":"(anonymous_0)","decl":{"start":{"line":4,"column":25},"end":{"line":4,"column":26}},"loc":{"start":{"line":4,"column":62},"end":{"line":15,"column":1}},"line":4},"1":{"name":"(anonymous_1)","decl":{"start":{"line":6,"column":36},"end":{"line":6,"column":37}},"loc":{"start":{"line":6,"column":45},"end":{"line":14,"column":7}},"line":6}},"branchMap":{},"s":{"0":0,"1":0,"2":0,"3":0},"f":{"0":0,"1":0},"b":{}}
,"/Users/petemarianne/WebstormProjects/DogShop/src/utils/fetchUsersAds.ts": {"path":"/Users/petemarianne/WebstormProjects/DogShop/src/utils/fetchUsersAds.ts","statementMap":{"0":{"start":{"line":4,"column":29},"end":{"line":23,"column":1}},"1":{"start":{"line":5,"column":26},"end":{"line":5,"column":88}},"2":{"start":{"line":6,"column":4},"end":{"line":22,"column":83}},"3":{"start":{"line":7,"column":23},"end":{"line":21,"column":10}},"4":{"start":{"line":22,"column":33},"end":{"line":22,"column":80}}},"fnMap":{"0":{"name":"(anonymous_0)","decl":{"start":{"line":4,"column":29},"end":{"line":4,"column":30}},"loc":{"start":{"line":4,"column":66},"end":{"line":23,"column":1}},"line":4},"1":{"name":"(anonymous_1)","decl":{"start":{"line":7,"column":13},"end":{"line":7,"column":14}},"loc":{"start":{"line":7,"column":22},"end":{"line":21,"column":11}},"line":7},"2":{"name":"(anonymous_2)","decl":{"start":{"line":22,"column":14},"end":{"line":22,"column":15}},"loc":{"start":{"line":22,"column":32},"end":{"line":22,"column":81}},"line":22}},"branchMap":{},"s":{"0":0,"1":0,"2":0,"3":0,"4":0},"f":{"0":0,"1":0,"2":0},"b":{}}
,"/Users/petemarianne/WebstormProjects/DogShop/src/utils/filterAds.ts": {"path":"/Users/petemarianne/WebstormProjects/DogShop/src/utils/filterAds.ts","statementMap":{"0":{"start":{"line":3,"column":25},"end":{"line":28,"column":1}},"1":{"start":{"line":4,"column":4},"end":{"line":6,"column":5}},"2":{"start":{"line":5,"column":8},"end":{"line":5,"column":21}},"3":{"start":{"line":7,"column":26},"end":{"line":7,"column":30}},"4":{"start":{"line":8,"column":4},"end":{"line":14,"column":5}},"5":{"start":{"line":9,"column":8},"end":{"line":13,"column":9}},"6":{"start":{"line":10,"column":12},"end":{"line":10,"column":25}},"7":{"start":{"line":12,"column":12},"end":{"line":12,"column":156}},"8":{"start":{"line":15,"column":4},"end":{"line":17,"column":5}},"9":{"start":{"line":16,"column":8},"end":{"line":16,"column":87}},"10":{"start":{"line":18,"column":4},"end":{"line":20,"column":5}},"11":{"start":{"line":19,"column":8},"end":{"line":19,"column":81}},"12":{"start":{"line":21,"column":4},"end":{"line":23,"column":5}},"13":{"start":{"line":22,"column":8},"end":{"line":22,"column":74}},"14":{"start":{"line":24,"column":4},"end":{"line":26,"column":5}},"15":{"start":{"line":25,"column":8},"end":{"line":25,"column":72}},"16":{"start":{"line":27,"column":4},"end":{"line":27,"column":18}}},"fnMap":{"0":{"name":"(anonymous_0)","decl":{"start":{"line":3,"column":25},"end":{"line":3,"column":26}},"loc":{"start":{"line":3,"column":64},"end":{"line":28,"column":1}},"line":3}},"branchMap":{"0":{"loc":{"start":{"line":4,"column":4},"end":{"line":6,"column":5}},"type":"if","locations":[{"start":{"line":4,"column":4},"end":{"line":6,"column":5}},{"start":{"line":4,"column":4},"end":{"line":6,"column":5}}],"line":4},"1":{"loc":{"start":{"line":8,"column":4},"end":{"line":14,"column":5}},"type":"if","locations":[{"start":{"line":8,"column":4},"end":{"line":14,"column":5}},{"start":{"line":8,"column":4},"end":{"line":14,"column":5}}],"line":8},"2":{"loc":{"start":{"line":9,"column":8},"end":{"line":13,"column":9}},"type":"if","locations":[{"start":{"line":9,"column":8},"end":{"line":13,"column":9}},{"start":{"line":9,"column":8},"end":{"line":13,"column":9}}],"line":9},"3":{"loc":{"start":{"line":9,"column":12},"end":{"line":9,"column":156}},"type":"binary-expr","locations":[{"start":{"line":9,"column":12},"end":{"line":9,"column":79}},{"start":{"line":9,"column":83},"end":{"line":9,"column":156}}],"line":9},"4":{"loc":{"start":{"line":12,"column":24},"end":{"line":12,"column":154}},"type":"binary-expr","locations":[{"start":{"line":12,"column":24},"end":{"line":12,"column":84}},{"start":{"line":12,"column":88},"end":{"line":12,"column":154}}],"line":12},"5":{"loc":{"start":{"line":15,"column":4},"end":{"line":17,"column":5}},"type":"if","locations":[{"start":{"line":15,"column":4},"end":{"line":17,"column":5}},{"start":{"line":15,"column":4},"end":{"line":17,"column":5}}],"line":15},"6":{"loc":{"start":{"line":16,"column":17},"end":{"line":16,"column":86}},"type":"binary-expr","locations":[{"start":{"line":16,"column":17},"end":{"line":16,"column":23}},{"start":{"line":16,"column":27},"end":{"line":16,"column":86}}],"line":16},"7":{"loc":{"start":{"line":18,"column":4},"end":{"line":20,"column":5}},"type":"if","locations":[{"start":{"line":18,"column":4},"end":{"line":20,"column":5}},{"start":{"line":18,"column":4},"end":{"line":20,"column":5}}],"line":18},"8":{"loc":{"start":{"line":19,"column":17},"end":{"line":19,"column":80}},"type":"binary-expr","locations":[{"start":{"line":19,"column":17},"end":{"line":19,"column":23}},{"start":{"line":19,"column":27},"end":{"line":19,"column":80}}],"line":19},"9":{"loc":{"start":{"line":21,"column":4},"end":{"line":23,"column":5}},"type":"if","locations":[{"start":{"line":21,"column":4},"end":{"line":23,"column":5}},{"start":{"line":21,"column":4},"end":{"line":23,"column":5}}],"line":21},"10":{"loc":{"start":{"line":22,"column":17},"end":{"line":22,"column":73}},"type":"binary-expr","locations":[{"start":{"line":22,"column":17},"end":{"line":22,"column":23}},{"start":{"line":22,"column":27},"end":{"line":22,"column":73}}],"line":22},"11":{"loc":{"start":{"line":24,"column":4},"end":{"line":26,"column":5}},"type":"if","locations":[{"start":{"line":24,"column":4},"end":{"line":26,"column":5}},{"start":{"line":24,"column":4},"end":{"line":26,"column":5}}],"line":24},"12":{"loc":{"start":{"line":25,"column":17},"end":{"line":25,"column":71}},"type":"binary-expr","locations":[{"start":{"line":25,"column":17},"end":{"line":25,"column":23}},{"start":{"line":25,"column":27},"end":{"line":25,"column":71}}],"line":25}},"s":{"0":0,"1":0,"2":0,"3":0,"4":0,"5":0,"6":0,"7":0,"8":0,"9":0,"10":0,"11":0,"12":0,"13":0,"14":0,"15":0,"16":0},"f":{"0":0},"b":{"0":[0,0],"1":[0,0],"2":[0,0],"3":[0,0],"4":[0,0],"5":[0,0],"6":[0,0],"7":[0,0],"8":[0,0],"9":[0,0],"10":[0,0],"11":[0,0],"12":[0,0]}}
,"/Users/petemarianne/WebstormProjects/DogShop/src/utils/index.ts": {"path":"/Users/petemarianne/WebstormProjects/DogShop/src/utils/index.ts","statementMap":{},"fnMap":{},"branchMap":{},"s":{},"f":{},"b":{}}
,"/Users/petemarianne/WebstormProjects/DogShop/src/utils/sellAd.ts": {"path":"/Users/petemarianne/WebstormProjects/DogShop/src/utils/sellAd.ts","statementMap":{"0":{"start":{"line":4,"column":22},"end":{"line":15,"column":1}},"1":{"start":{"line":5,"column":4},"end":{"line":10,"column":7}},"2":{"start":{"line":11,"column":4},"end":{"line":14,"column":7}}},"fnMap":{"0":{"name":"(anonymous_0)","decl":{"start":{"line":4,"column":22},"end":{"line":4,"column":23}},"loc":{"start":{"line":4,"column":67},"end":{"line":15,"column":1}},"line":4}},"branchMap":{},"s":{"0":0,"1":0,"2":0},"f":{"0":0},"b":{}}
,"/Users/petemarianne/WebstormProjects/DogShop/src/utils/toDate.ts": {"path":"/Users/petemarianne/WebstormProjects/DogShop/src/utils/toDate.ts","statementMap":{"0":{"start":{"line":3,"column":22},"end":{"line":5,"column":1}},"1":{"start":{"line":4,"column":4},"end":{"line":4,"column":41}}},"fnMap":{"0":{"name":"(anonymous_0)","decl":{"start":{"line":3,"column":22},"end":{"line":3,"column":23}},"loc":{"start":{"line":3,"column":51},"end":{"line":5,"column":1}},"line":3}},"branchMap":{},"s":{"0":0,"1":0},"f":{"0":0},"b":{}}
,"/Users/petemarianne/WebstormProjects/DogShop/src/utils/validateAd.ts": {"path":"/Users/petemarianne/WebstormProjects/DogShop/src/utils/validateAd.ts","statementMap":{"0":{"start":{"line":3,"column":26},"end":{"line":11,"column":1}},"1":{"start":{"line":4,"column":4},"end":{"line":9,"column":5}},"2":{"start":{"line":6,"column":8},"end":{"line":8,"column":9}},"3":{"start":{"line":7,"column":12},"end":{"line":7,"column":25}},"4":{"start":{"line":10,"column":4},"end":{"line":10,"column":36}}},"fnMap":{"0":{"name":"(anonymous_0)","decl":{"start":{"line":3,"column":26},"end":{"line":3,"column":27}},"loc":{"start":{"line":3,"column":70},"end":{"line":11,"column":1}},"line":3}},"branchMap":{"0":{"loc":{"start":{"line":6,"column":8},"end":{"line":8,"column":9}},"type":"if","locations":[{"start":{"line":6,"column":8},"end":{"line":8,"column":9}},{"start":{"line":6,"column":8},"end":{"line":8,"column":9}}],"line":6}},"s":{"0":0,"1":0,"2":0,"3":0,"4":0},"f":{"0":0},"b":{"0":[0,0]}}
}
